2019-06-24 23:21:11,012 INFO o.a.j.u.JMeterUtils: Setting Locale to en_US
2019-06-24 23:21:11,031 INFO o.a.j.JMeter: Loading user properties from: /opt/apache-jmeter-3.3/bin/user.properties
2019-06-24 23:21:11,033 INFO o.a.j.JMeter: Loading system properties from: /opt/apache-jmeter-3.3/bin/system.properties
2019-06-24 23:21:11,034 INFO o.a.j.JMeter: Setting System property: log_level.jmeter=DEBUG
2019-06-24 23:21:11,041 INFO o.a.j.JMeter: Copyright (c) 1998-2017 The Apache Software Foundation
2019-06-24 23:21:11,041 INFO o.a.j.JMeter: Version 3.3 r1808647
2019-06-24 23:21:11,042 INFO o.a.j.JMeter: java.version=1.8.0_212
2019-06-24 23:21:11,042 INFO o.a.j.JMeter: java.vm.name=OpenJDK 64-Bit Server VM
2019-06-24 23:21:11,042 INFO o.a.j.JMeter: os.name=Linux
2019-06-24 23:21:11,043 INFO o.a.j.JMeter: os.arch=amd64
2019-06-24 23:21:11,043 INFO o.a.j.JMeter: os.version=4.9.125-linuxkit
2019-06-24 23:21:11,043 INFO o.a.j.JMeter: file.encoding=UTF-8
2019-06-24 23:21:11,044 INFO o.a.j.JMeter: Max memory     =260046848
2019-06-24 23:21:11,044 INFO o.a.j.JMeter: Available Processors =4
2019-06-24 23:21:11,050 INFO o.a.j.JMeter: Default Locale=English (United States)
2019-06-24 23:21:11,051 INFO o.a.j.JMeter: JMeter  Locale=English (United States)
2019-06-24 23:21:11,051 INFO o.a.j.JMeter: JMeterHome=/opt/apache-jmeter-3.3
2019-06-24 23:21:11,051 INFO o.a.j.JMeter: user.dir  =/Users/n.kaur/Documents/WorkSpace/Jmeter-Image
2019-06-24 23:21:11,052 INFO o.a.j.JMeter: PWD       =/Users/n.kaur/Documents/WorkSpace/Jmeter-Image
2019-06-24 23:21:11,053 INFO o.a.j.JMeter: IP: 172.17.0.2 Name: 079b64d09f32 FullName: 079b64d09f32
2019-06-24 23:21:11,057 INFO o.a.j.JMeter: Setting property 'jmeter.reportgenerator.outputdir' to:'/Users/n.kaur/Documents/WorkSpace/Jmeter-Image/Scripts/report'
2019-06-24 23:21:11,061 INFO o.a.j.s.FileServer: Default base='/Users/n.kaur/Documents/WorkSpace/Jmeter-Image'
2019-06-24 23:21:11,062 INFO o.a.j.s.FileServer: Set new base='/Users/n.kaur/Documents/WorkSpace/Jmeter-Image/Scripts'
2019-06-24 23:21:11,336 INFO o.a.j.s.SaveService: Testplan (JMX) version: 2.2. Testlog (JTL) version: 2.2
2019-06-24 23:21:11,367 INFO o.a.j.s.SaveService: Using SaveService properties file encoding UTF-8
2019-06-24 23:21:11,376 INFO o.a.j.s.SaveService: Using SaveService properties version 3.2
2019-06-24 23:21:11,390 INFO o.a.j.s.SaveService: Loading file: Scripts/Sample.jmx
2019-06-24 23:21:11,468 INFO o.a.j.p.h.s.HTTPSamplerBase: Parser for text/html is org.apache.jmeter.protocol.http.parser.LagartoBasedHtmlParser
2019-06-24 23:21:11,469 INFO o.a.j.p.h.s.HTTPSamplerBase: Parser for application/xhtml+xml is org.apache.jmeter.protocol.http.parser.LagartoBasedHtmlParser
2019-06-24 23:21:11,469 INFO o.a.j.p.h.s.HTTPSamplerBase: Parser for application/xml is org.apache.jmeter.protocol.http.parser.LagartoBasedHtmlParser
2019-06-24 23:21:11,470 INFO o.a.j.p.h.s.HTTPSamplerBase: Parser for text/xml is org.apache.jmeter.protocol.http.parser.LagartoBasedHtmlParser
2019-06-24 23:21:11,470 INFO o.a.j.p.h.s.HTTPSamplerBase: Parser for text/vnd.wap.wml is org.apache.jmeter.protocol.http.parser.RegexpHTMLParser
2019-06-24 23:21:11,471 INFO o.a.j.p.h.s.HTTPSamplerBase: Parser for text/css is org.apache.jmeter.protocol.http.parser.CssParser
2019-06-24 23:21:11,535 INFO o.a.j.JMeter: Creating summariser <summary>
2019-06-24 23:21:11,550 INFO o.a.j.r.d.ReportGenerator: ReportGenerator will use for Parsing the separator: ','
2019-06-24 23:21:11,551 INFO o.a.j.r.d.ReportGenerator: Will generate report at end of test from  results file: Scripts/Test-JTL/Sample.jtl
2019-06-24 23:21:11,552 INFO o.a.j.r.d.ReportGenerator: Reading report generator properties from: /opt/apache-jmeter-3.3/bin/reportgenerator.properties
2019-06-24 23:21:11,553 INFO o.a.j.r.d.ReportGenerator: Merging with JMeter properties
2019-06-24 23:21:11,560 INFO o.a.j.r.c.ReportGeneratorConfiguration: Property 'jmeter.reportgenerator.temp_dir' not found, using default value 'temp' instead.
2019-06-24 23:21:11,566 INFO o.a.j.r.c.ReportGeneratorConfiguration: Property 'jmeter.reportgenerator.apdex_per_transaction' not found, using default value 'null' instead.
2019-06-24 23:21:11,567 INFO o.a.j.r.c.ReportGeneratorConfiguration: apdex_per_transaction : {} is empty, not APDEX per transaction customization
2019-06-24 23:21:11,568 INFO o.a.j.r.c.ReportGeneratorConfiguration: Property 'jmeter.reportgenerator.sample_filter' not found, using default value 'null' instead.
2019-06-24 23:21:11,568 INFO o.a.j.r.c.ReportGeneratorConfiguration: Property 'jmeter.reportgenerator.report_title' not found, using default value 'null' instead.
2019-06-24 23:21:11,569 INFO o.a.j.r.c.ReportGeneratorConfiguration: Property 'jmeter.reportgenerator.start_date' not found, using default value 'null' instead.
2019-06-24 23:21:11,569 INFO o.a.j.r.c.ReportGeneratorConfiguration: Property 'jmeter.reportgenerator.end_date' not found, using default value 'null' instead.
2019-06-24 23:21:11,569 INFO o.a.j.r.c.ReportGeneratorConfiguration: Property 'jmeter.reportgenerator.date_format' not found, using default value 'null' instead.
2019-06-24 23:21:11,570 INFO o.a.j.r.c.ReportGeneratorConfiguration: Will use date range start date: null, end date: null
2019-06-24 23:21:11,577 INFO o.a.j.r.c.ReportGeneratorConfiguration: Property 'jmeter.reportgenerator.graph.activeThreadsOverTime.exclude_controllers' not found, using default value 'false' instead.
2019-06-24 23:21:11,577 INFO o.a.j.r.c.ReportGeneratorConfiguration: Property 'jmeter.reportgenerator.graph.timeVsThreads.exclude_controllers' not found, using default value 'false' instead.
2019-06-24 23:21:11,578 INFO o.a.j.r.c.ReportGeneratorConfiguration: Property 'jmeter.reportgenerator.graph.responseTimeDistribution.exclude_controllers' not found, using default value 'false' instead.
2019-06-24 23:21:11,578 INFO o.a.j.r.c.ReportGeneratorConfiguration: Property 'jmeter.reportgenerator.graph.transactionsPerSecond.exclude_controllers' not found, using default value 'false' instead.
2019-06-24 23:21:11,578 INFO o.a.j.r.c.ReportGeneratorConfiguration: Property 'jmeter.reportgenerator.graph.responseTimePercentiles.exclude_controllers' not found, using default value 'false' instead.
2019-06-24 23:21:11,579 INFO o.a.j.r.c.ReportGeneratorConfiguration: Property 'jmeter.reportgenerator.graph.responseTimePercentilesOverTime.exclude_controllers' not found, using default value 'false' instead.
2019-06-24 23:21:11,579 INFO o.a.j.r.c.ReportGeneratorConfiguration: Property 'jmeter.reportgenerator.graph.responseTimesOverTime.exclude_controllers' not found, using default value 'false' instead.
2019-06-24 23:21:11,579 INFO o.a.j.r.c.ReportGeneratorConfiguration: Property 'jmeter.reportgenerator.graph.connectTimeOverTime.exclude_controllers' not found, using default value 'false' instead.
2019-06-24 23:21:11,580 INFO o.a.j.r.c.ReportGeneratorConfiguration: Property 'jmeter.reportgenerator.graph.latenciesOverTime.exclude_controllers' not found, using default value 'false' instead.
2019-06-24 23:21:11,582 INFO o.a.j.r.c.ReportGeneratorConfiguration: Property 'jmeter.reportgenerator.exporter.html.filters_only_sample_series' not found, using default value 'true' instead.
2019-06-24 23:21:11,582 INFO o.a.j.r.c.ReportGeneratorConfiguration: Property 'jmeter.reportgenerator.exporter.html.series_filter' not found, using default value '' instead.
2019-06-24 23:21:11,582 INFO o.a.j.r.c.ReportGeneratorConfiguration: Property 'jmeter.reportgenerator.exporter.html.show_controllers_only' not found, using default value 'false' instead.
2019-06-24 23:21:11,591 INFO o.a.j.e.StandardJMeterEngine: Running the test!
2019-06-24 23:21:11,593 INFO o.a.j.s.SampleEvent: List of sample_variables: []
2019-06-24 23:21:11,593 INFO o.a.j.s.SampleEvent: List of sample_variables: []
2019-06-24 23:21:11,601 INFO o.a.j.e.u.CompoundVariable: Note: Function class names must contain the string: '.functions.'
2019-06-24 23:21:11,601 INFO o.a.j.e.u.CompoundVariable: Note: Function class names must not contain the string: '.gui.'
2019-06-24 23:21:12,215 INFO o.a.j.r.ResultCollector: Folder at /Users/n.kaur/Documents/WorkSpace/Jmeter-Image/Scripts/Test-JTL was created
2019-06-24 23:21:12,247 INFO o.a.j.JMeter: Running test (1561418472247)
2019-06-24 23:21:12,281 INFO o.a.j.e.StandardJMeterEngine: Starting ThreadGroup: 1 : Thread Group
2019-06-24 23:21:12,281 INFO o.a.j.e.StandardJMeterEngine: Starting 1 threads for group Thread Group.
2019-06-24 23:21:12,286 INFO o.a.j.e.StandardJMeterEngine: Thread will continue on error
2019-06-24 23:21:12,287 INFO o.a.j.t.ThreadGroup: Starting thread group... number=1 threads=1 ramp-up=1 perThread=1000.0 delayedStart=false
2019-06-24 23:21:12,297 INFO o.a.j.t.ThreadGroup: Started thread group number 1
2019-06-24 23:21:12,298 INFO o.a.j.e.StandardJMeterEngine: All thread groups have been started
2019-06-24 23:21:12,302 INFO o.a.j.t.JMeterThread: Thread started: Thread Group 1-1
2019-06-24 23:21:12,335 INFO o.a.j.p.h.s.HTTPHCAbstractImpl: Local host = 079b64d09f32
2019-06-24 23:21:12,348 INFO o.a.j.p.h.s.HTTPHC4Impl: HTTP request retry count = 0
2019-06-24 23:21:12,364 INFO o.a.j.s.SampleResult: Note: Sample TimeStamps are START times
2019-06-24 23:21:12,365 INFO o.a.j.s.SampleResult: sampleresult.default.encoding is set to ISO-8859-1
2019-06-24 23:21:12,365 INFO o.a.j.s.SampleResult: sampleresult.useNanoTime=true
2019-06-24 23:21:12,366 INFO o.a.j.s.SampleResult: sampleresult.nanoThreadSleep=5000
2019-06-24 23:21:12,590 INFO o.a.j.p.h.s.LazySchemeSocketFactory: Setting up HTTPS TrustAll Socket Factory
2019-06-24 23:21:12,612 INFO o.a.j.u.JsseSSLManager: Using default SSL protocol: TLS
2019-06-24 23:21:12,613 INFO o.a.j.u.JsseSSLManager: SSL session context: per-thread
2019-06-24 23:21:12,797 INFO o.a.j.u.SSLManager: JmeterKeyStore Location:  type JKS
2019-06-24 23:21:12,799 INFO o.a.j.u.SSLManager: KeyStore created OK
2019-06-24 23:21:12,799 WARN o.a.j.u.SSLManager: Keystore file not found, loading empty keystore
2019-06-24 23:21:16,304 INFO o.a.j.t.JMeterThread: Thread is done: Thread Group 1-1
2019-06-24 23:21:16,306 INFO o.a.j.t.JMeterThread: Thread finished: Thread Group 1-1
2019-06-24 23:21:16,308 INFO o.a.j.e.StandardJMeterEngine: Notifying test listeners of end of test
2019-06-24 23:21:16,311 INFO o.a.j.r.Summariser: summary =      3 in 00:00:04 =    0.7/s Avg:  1292 Min:   447 Max:  1991 Err:     0 (0.00%)
2019-06-24 23:21:16,312 INFO o.a.j.JMeter: Generating Dashboard
2019-06-24 23:21:16,313 INFO o.a.j.r.d.ReportGenerator: Flushing result collector before report Generation
2019-06-24 23:21:16,336 INFO o.a.j.r.p.NormalizerSampleConsumer: Using format, 'ms', to parse timeStamp field
2019-06-24 23:21:16,479 INFO o.a.j.r.p.AbstractSampleConsumer: class org.apache.jmeter.report.processor.AggregateConsumer#stopProducing(): beginDate produced 0 samples
2019-06-24 23:21:16,480 INFO o.a.j.r.p.AbstractSampleConsumer: class org.apache.jmeter.report.processor.AggregateConsumer#stopProducing(): endDate produced 0 samples
2019-06-24 23:21:16,482 INFO o.a.j.r.p.AbstractSampleConsumer: class org.apache.jmeter.report.processor.ApdexSummaryConsumer#stopProducing(): apdexSummary produced 0 samples
2019-06-24 23:21:16,483 INFO o.a.j.r.p.AbstractSampleConsumer: class org.apache.jmeter.report.processor.RequestsSummaryConsumer#stopProducing(): requestsSummary produced 0 samples
2019-06-24 23:21:16,494 INFO o.a.j.r.p.AbstractSampleConsumer: class org.apache.jmeter.report.processor.StatisticsSummaryConsumer#stopProducing(): statisticsSummary produced 0 samples
2019-06-24 23:21:16,495 INFO o.a.j.r.p.AbstractSampleConsumer: class org.apache.jmeter.report.processor.Top5ErrorsBySamplerConsumer#stopProducing(): top5ErrorsBySampler produced 0 samples
2019-06-24 23:21:16,496 INFO o.a.j.r.p.AbstractSampleConsumer: class org.apache.jmeter.report.processor.ErrorsSummaryConsumer#stopProducing(): errorsSummary produced 0 samples
2019-06-24 23:21:16,497 INFO o.a.j.r.p.AbstractSampleConsumer: class org.apache.jmeter.report.processor.graph.impl.HitsPerSecondGraphConsumer#stopProducing(): hitsPerSecond produced 0 samples
2019-06-24 23:21:16,524 INFO o.a.j.r.p.AbstractSampleConsumer: class org.apache.jmeter.report.processor.graph.impl.LatencyVSRequestGraphConsumer#stopProducing(): latencyVsRequest produced 0 samples
2019-06-24 23:21:16,525 INFO o.a.j.r.p.AbstractSampleConsumer: class org.apache.jmeter.report.processor.graph.impl.SyntheticResponseTimeDistributionGraphConsumer#stopProducing(): syntheticResponseTimeDistribution produced 0 samples
2019-06-24 23:21:16,526 INFO o.a.j.r.p.AbstractSampleConsumer: class org.apache.jmeter.report.processor.graph.impl.BytesThroughputGraphConsumer#stopProducing(): bytesThroughputOverTime produced 0 samples
2019-06-24 23:21:16,526 INFO o.a.j.r.p.AbstractSampleConsumer: class org.apache.jmeter.report.processor.graph.impl.CodesPerSecondGraphConsumer#stopProducing(): codesPerSecond produced 0 samples
2019-06-24 23:21:16,535 INFO o.a.j.r.p.AbstractSampleConsumer: class org.apache.jmeter.report.processor.graph.impl.ResponseTimeVSRequestGraphConsumer#stopProducing(): responseTimeVsRequest produced 0 samples
2019-06-24 23:21:16,536 INFO o.a.j.r.p.AbstractSampleConsumer: class org.apache.jmeter.report.processor.FilterConsumer#stopProducing(): startIntervalControlerFilter produced 21 samples
2019-06-24 23:21:16,538 INFO o.a.j.r.p.AbstractSampleConsumer: class org.apache.jmeter.report.processor.graph.impl.ActiveThreadsGraphConsumer#stopProducing(): activeThreadsOverTime produced 0 samples
2019-06-24 23:21:16,538 INFO o.a.j.r.p.AbstractSampleConsumer: class org.apache.jmeter.report.processor.graph.impl.TimeVSThreadGraphConsumer#stopProducing(): timeVsThreads produced 0 samples
2019-06-24 23:21:16,538 INFO o.a.j.r.p.AbstractSampleConsumer: class org.apache.jmeter.report.processor.graph.impl.ResponseTimeDistributionGraphConsumer#stopProducing(): responseTimeDistribution produced 0 samples
2019-06-24 23:21:16,539 INFO o.a.j.r.p.AbstractSampleConsumer: class org.apache.jmeter.report.processor.graph.impl.TransactionsPerSecondGraphConsumer#stopProducing(): transactionsPerSecond produced 0 samples
2019-06-24 23:21:16,539 INFO o.a.j.r.p.AbstractSampleConsumer: class org.apache.jmeter.report.processor.graph.impl.ResponseTimePercentilesGraphConsumer#stopProducing(): responseTimePercentiles produced 0 samples
2019-06-24 23:21:16,541 INFO o.a.j.r.p.AbstractSampleConsumer: class org.apache.jmeter.report.processor.graph.impl.ResponseTimePercentilesOverTimeGraphConsumer#stopProducing(): responseTimePercentilesOverTime produced 0 samples
2019-06-24 23:21:16,541 INFO o.a.j.r.p.AbstractSampleConsumer: class org.apache.jmeter.report.processor.graph.impl.ResponseTimeOverTimeGraphConsumer#stopProducing(): responseTimesOverTime produced 0 samples
2019-06-24 23:21:16,542 INFO o.a.j.r.p.AbstractSampleConsumer: class org.apache.jmeter.report.processor.graph.impl.ConnectTimeOverTimeGraphConsumer#stopProducing(): connectTimeOverTime produced 0 samples
2019-06-24 23:21:16,542 INFO o.a.j.r.p.AbstractSampleConsumer: class org.apache.jmeter.report.processor.graph.impl.LatencyOverTimeGraphConsumer#stopProducing(): latenciesOverTime produced 0 samples
2019-06-24 23:21:16,542 INFO o.a.j.r.p.AbstractSampleConsumer: class org.apache.jmeter.report.processor.FilterConsumer#stopProducing(): nameFilter produced 42 samples
2019-06-24 23:21:16,543 INFO o.a.j.r.p.AbstractSampleConsumer: class org.apache.jmeter.report.processor.FilterConsumer#stopProducing(): dateRangeFilter produced 9 samples
2019-06-24 23:21:16,543 INFO o.a.j.r.p.AbstractSampleConsumer: class org.apache.jmeter.report.processor.NormalizerSampleConsumer#stopProducing(): normalizer produced 3 samples
2019-06-24 23:21:16,544 INFO o.a.j.r.p.CsvFileSampleSource: produce(): 3 samples produced in 150ms on channel 0
2019-06-24 23:21:16,544 INFO o.a.j.r.d.ReportGenerator: Exporting data using exporter:'html' of className:'org.apache.jmeter.report.dashboard.HtmlTemplateExporter'
2019-06-24 23:21:16,551 INFO o.a.j.r.d.HtmlTemplateExporter: Will generate dashboard in folder: /Users/n.kaur/Documents/WorkSpace/Jmeter-Image/Scripts/report
2019-06-24 23:21:16,676 INFO o.a.j.r.d.HtmlTemplateExporter: Report will be generated in: /Users/n.kaur/Documents/WorkSpace/Jmeter-Image/Scripts/report, creating folder structure
2019-06-24 23:21:16,692 ERROR o.a.j.r.d.ReportGenerator: Data exporter "html" is unable to export data.
org.apache.jmeter.report.dashboard.ExportException: Unable to process template files.
	at org.apache.jmeter.report.dashboard.HtmlTemplateExporter.export(HtmlTemplateExporter.java:502) ~[ApacheJMeter_core.jar:3.3 r1808647]
	at org.apache.jmeter.report.dashboard.ReportGenerator.exportData(ReportGenerator.java:379) [ApacheJMeter_core.jar:3.3 r1808647]
	at org.apache.jmeter.report.dashboard.ReportGenerator.generate(ReportGenerator.java:261) [ApacheJMeter_core.jar:3.3 r1808647]
	at org.apache.jmeter.JMeter$ListenToTest.generateReport(JMeter.java:1198) [ApacheJMeter_core.jar:3.3 r1808647]
	at org.apache.jmeter.JMeter$ListenToTest.testEnded(JMeter.java:1134) [ApacheJMeter_core.jar:3.3 r1808647]
	at org.apache.jmeter.engine.StandardJMeterEngine.notifyTestListenersOfEnd(StandardJMeterEngine.java:230) [ApacheJMeter_core.jar:3.3 r1808647]
	at org.apache.jmeter.engine.StandardJMeterEngine.run(StandardJMeterEngine.java:498) [ApacheJMeter_core.jar:3.3 r1808647]
	at java.lang.Thread.run(Thread.java:748) [?:1.8.0_212]
Caused by: java.nio.file.AccessDeniedException: /Users/n.kaur/Documents/WorkSpace/Jmeter-Image/Scripts/report/content
	at sun.nio.fs.UnixException.translateToIOException(UnixException.java:84) ~[?:1.8.0_212]
	at sun.nio.fs.UnixException.rethrowAsIOException(UnixException.java:102) ~[?:1.8.0_212]
	at sun.nio.fs.UnixException.rethrowAsIOException(UnixException.java:107) ~[?:1.8.0_212]
	at sun.nio.fs.UnixCopyFile.copyDirectory(UnixCopyFile.java:136) ~[?:1.8.0_212]
	at sun.nio.fs.UnixCopyFile.copy(UnixCopyFile.java:572) ~[?:1.8.0_212]
	at sun.nio.fs.UnixFileSystemProvider.copy(UnixFileSystemProvider.java:253) ~[?:1.8.0_212]
	at java.nio.file.Files.copy(Files.java:1274) ~[?:1.8.0_212]
	at org.apache.jmeter.report.dashboard.TemplateVisitor.preVisitDirectory(TemplateVisitor.java:89) ~[ApacheJMeter_core.jar:3.3 r1808647]
	at org.apache.jmeter.report.dashboard.TemplateVisitor.preVisitDirectory(TemplateVisitor.java:48) ~[ApacheJMeter_core.jar:3.3 r1808647]
	at java.nio.file.Files.walkFileTree(Files.java:2677) ~[?:1.8.0_212]
	at java.nio.file.Files.walkFileTree(Files.java:2742) ~[?:1.8.0_212]
	at org.apache.jmeter.report.dashboard.HtmlTemplateExporter.export(HtmlTemplateExporter.java:500) ~[ApacheJMeter_core.jar:3.3 r1808647]
	... 7 more
2019-06-24 23:21:16,699 ERROR o.a.j.JMeter: Error generating dashboard: org.apache.jmeter.report.dashboard.GenerationException: Data exporter "html" is unable to export data.
org.apache.jmeter.report.dashboard.GenerationException: Data exporter "html" is unable to export data.
	at org.apache.jmeter.report.dashboard.ReportGenerator.exportData(ReportGenerator.java:388) ~[ApacheJMeter_core.jar:3.3 r1808647]
	at org.apache.jmeter.report.dashboard.ReportGenerator.generate(ReportGenerator.java:261) ~[ApacheJMeter_core.jar:3.3 r1808647]
	at org.apache.jmeter.JMeter$ListenToTest.generateReport(JMeter.java:1198) [ApacheJMeter_core.jar:3.3 r1808647]
	at org.apache.jmeter.JMeter$ListenToTest.testEnded(JMeter.java:1134) [ApacheJMeter_core.jar:3.3 r1808647]
	at org.apache.jmeter.engine.StandardJMeterEngine.notifyTestListenersOfEnd(StandardJMeterEngine.java:230) [ApacheJMeter_core.jar:3.3 r1808647]
	at org.apache.jmeter.engine.StandardJMeterEngine.run(StandardJMeterEngine.java:498) [ApacheJMeter_core.jar:3.3 r1808647]
	at java.lang.Thread.run(Thread.java:748) [?:1.8.0_212]
Caused by: org.apache.jmeter.report.dashboard.ExportException: Unable to process template files.
	at org.apache.jmeter.report.dashboard.HtmlTemplateExporter.export(HtmlTemplateExporter.java:502) ~[ApacheJMeter_core.jar:3.3 r1808647]
	at org.apache.jmeter.report.dashboard.ReportGenerator.exportData(ReportGenerator.java:379) ~[ApacheJMeter_core.jar:3.3 r1808647]
	... 6 more
Caused by: java.nio.file.AccessDeniedException: /Users/n.kaur/Documents/WorkSpace/Jmeter-Image/Scripts/report/content
	at sun.nio.fs.UnixException.translateToIOException(UnixException.java:84) ~[?:1.8.0_212]
	at sun.nio.fs.UnixException.rethrowAsIOException(UnixException.java:102) ~[?:1.8.0_212]
	at sun.nio.fs.UnixException.rethrowAsIOException(UnixException.java:107) ~[?:1.8.0_212]
	at sun.nio.fs.UnixCopyFile.copyDirectory(UnixCopyFile.java:136) ~[?:1.8.0_212]
	at sun.nio.fs.UnixCopyFile.copy(UnixCopyFile.java:572) ~[?:1.8.0_212]
	at sun.nio.fs.UnixFileSystemProvider.copy(UnixFileSystemProvider.java:253) ~[?:1.8.0_212]
	at java.nio.file.Files.copy(Files.java:1274) ~[?:1.8.0_212]
	at org.apache.jmeter.report.dashboard.TemplateVisitor.preVisitDirectory(TemplateVisitor.java:89) ~[ApacheJMeter_core.jar:3.3 r1808647]
	at org.apache.jmeter.report.dashboard.TemplateVisitor.preVisitDirectory(TemplateVisitor.java:48) ~[ApacheJMeter_core.jar:3.3 r1808647]
	at java.nio.file.Files.walkFileTree(Files.java:2677) ~[?:1.8.0_212]
	at java.nio.file.Files.walkFileTree(Files.java:2742) ~[?:1.8.0_212]
	at org.apache.jmeter.report.dashboard.HtmlTemplateExporter.export(HtmlTemplateExporter.java:500) ~[ApacheJMeter_core.jar:3.3 r1808647]
	at org.apache.jmeter.report.dashboard.ReportGenerator.exportData(ReportGenerator.java:379) ~[ApacheJMeter_core.jar:3.3 r1808647]
	... 6 more
